2022-11-24 13:02:03.207  INFO 15092 --- [restartedMain] i.g.l.mscartoes.MscartoesApplication     : Starting MscartoesApplication using Java 11.0.15 on DESKTOP-0LU874L with PID 15092 (C:\projetos-dev\java\cloud\mscartoes\target\classes started by gianc in C:\projetos-dev\java\cloud\mscartoes)
2022-11-24 13:02:03.208  INFO 15092 --- [restartedMain] i.g.l.mscartoes.MscartoesApplication     : No active profile set, falling back to 1 default profile: "default"
2022-11-24 13:02:03.240  INFO 15092 --- [restartedMain] .e.DevToolsPropertyDefaultsPostProcessor : Devtools property defaults active! Set 'spring.devtools.add-properties' to 'false' to disable
2022-11-24 13:02:03.240  INFO 15092 --- [restartedMain] .e.DevToolsPropertyDefaultsPostProcessor : For additional web related logging consider setting the 'logging.level.web' property to 'DEBUG'
2022-11-24 13:02:04.454  INFO 15092 --- [restartedMain] .s.d.r.c.RepositoryConfigurationDelegate : Bootstrapping Spring Data JPA repositories in DEFAULT mode.
2022-11-24 13:02:04.534  INFO 15092 --- [restartedMain] .s.d.r.c.RepositoryConfigurationDelegate : Finished Spring Data repository scanning in 67 ms. Found 2 JPA repository interfaces.
2022-11-24 13:02:04.775  INFO 15092 --- [restartedMain] o.s.cloud.context.scope.GenericScope     : BeanFactory id=ab5297d0-c739-3c06-9e96-7a56a4fa59f3
2022-11-24 13:02:05.189  INFO 15092 --- [restartedMain] o.s.b.w.embedded.tomcat.TomcatWebServer  : Tomcat initialized with port(s): 0 (http)
2022-11-24 13:02:05.203  INFO 15092 --- [restartedMain] o.apache.catalina.core.StandardService   : Starting service [Tomcat]
2022-11-24 13:02:05.203  INFO 15092 --- [restartedMain] org.apache.catalina.core.StandardEngine  : Starting Servlet engine: [Apache Tomcat/9.0.60]
2022-11-24 13:02:05.301  INFO 15092 --- [restartedMain] o.a.c.c.C.[Tomcat].[localhost].[/]       : Initializing Spring embedded WebApplicationContext
2022-11-24 13:02:05.301  INFO 15092 --- [restartedMain] w.s.c.ServletWebServerApplicationContext : Root WebApplicationContext: initialization completed in 2060 ms
2022-11-24 13:02:05.343  INFO 15092 --- [restartedMain] com.zaxxer.hikari.HikariDataSource       : HikariPool-1 - Starting...
2022-11-24 13:02:05.453  INFO 15092 --- [restartedMain] com.zaxxer.hikari.HikariDataSource       : HikariPool-1 - Start completed.
2022-11-24 13:02:05.465  INFO 15092 --- [restartedMain] o.s.b.a.h2.H2ConsoleAutoConfiguration    : H2 console available at '/h2-console'. Database available at 'jdbc:h2:mem:b8f590ba-fddd-49ea-8b05-87387814d0d9'
2022-11-24 13:02:05.678  INFO 15092 --- [restartedMain] o.hibernate.jpa.internal.util.LogHelper  : HHH000204: Processing PersistenceUnitInfo [name: default]
2022-11-24 13:02:05.729  INFO 15092 --- [restartedMain] org.hibernate.Version                    : HHH000412: Hibernate ORM core version 5.6.7.Final
2022-11-24 13:02:05.962  INFO 15092 --- [restartedMain] o.hibernate.annotations.common.Version   : HCANN000001: Hibernate Commons Annotations {5.1.2.Final}
2022-11-24 13:02:06.062  INFO 15092 --- [restartedMain] org.hibernate.dialect.Dialect            : HHH000400: Using dialect: org.hibernate.dialect.H2Dialect
2022-11-24 13:02:06.476  INFO 15092 --- [restartedMain] o.h.e.t.j.p.i.JtaPlatformInitiator       : HHH000490: Using JtaPlatform implementation: [org.hibernate.engine.transaction.jta.platform.internal.NoJtaPlatform]
2022-11-24 13:02:06.482  INFO 15092 --- [restartedMain] j.LocalContainerEntityManagerFactoryBean : Initialized JPA EntityManagerFactory for persistence unit 'default'
2022-11-24 13:02:06.791  WARN 15092 --- [restartedMain] JpaBaseConfiguration$JpaWebConfiguration : spring.jpa.open-in-view is enabled by default. Therefore, database queries may be performed during view rendering. Explicitly configure spring.jpa.open-in-view to disable this warning
2022-11-24 13:02:07.281  WARN 15092 --- [restartedMain] o.s.b.d.a.OptionalLiveReloadServer       : Unable to start LiveReload server
2022-11-24 13:02:07.664  INFO 15092 --- [restartedMain] DiscoveryClientOptionalArgsConfiguration : Eureka HTTP Client uses RestTemplate.
2022-11-24 13:02:08.020  WARN 15092 --- [restartedMain] iguration$LoadBalancerCaffeineWarnLogger : Spring Cloud LoadBalancer is currently working with the default cache. While this cache implementation is useful for development and tests, it's recommended to use Caffeine cache in production.You can switch to using Caffeine cache, by adding it and org.springframework.cache.caffeine.CaffeineCacheManager to the classpath.
2022-11-24 13:02:08.116  INFO 15092 --- [restartedMain] o.s.b.w.embedded.tomcat.TomcatWebServer  : Tomcat started on port(s): 1042 (http) with context path ''
2022-11-24 13:02:08.118  INFO 15092 --- [restartedMain] .s.c.n.e.s.EurekaAutoServiceRegistration : Updating port to 1042
2022-11-24 13:02:08.122  INFO 15092 --- [restartedMain] o.s.c.n.eureka.InstanceInfoFactory       : Setting initial instance status as: STARTING
2022-11-24 13:02:08.144  INFO 15092 --- [restartedMain] com.netflix.discovery.DiscoveryClient    : Initializing Eureka in region us-east-1
2022-11-24 13:02:08.147  INFO 15092 --- [restartedMain] c.n.d.s.r.aws.ConfigClusterResolver      : Resolving eureka endpoints via configuration
2022-11-24 13:02:08.167  INFO 15092 --- [restartedMain] com.netflix.discovery.DiscoveryClient    : Disable delta property : false
2022-11-24 13:02:08.168  INFO 15092 --- [restartedMain] com.netflix.discovery.DiscoveryClient    : Single vip registry refresh property : null
2022-11-24 13:02:08.169  INFO 15092 --- [restartedMain] com.netflix.discovery.DiscoveryClient    : Force full registry fetch : false
2022-11-24 13:02:08.169  INFO 15092 --- [restartedMain] com.netflix.discovery.DiscoveryClient    : Application is null : false
2022-11-24 13:02:08.169  INFO 15092 --- [restartedMain] com.netflix.discovery.DiscoveryClient    : Registered Applications size is zero : true
2022-11-24 13:02:08.169  INFO 15092 --- [restartedMain] com.netflix.discovery.DiscoveryClient    : Application version is -1: true
2022-11-24 13:02:08.169  INFO 15092 --- [restartedMain] com.netflix.discovery.DiscoveryClient    : Getting all instance registry info from the eureka server
2022-11-24 13:02:08.423  INFO 15092 --- [restartedMain] com.netflix.discovery.DiscoveryClient    : The response status is 200
2022-11-24 13:02:08.425  INFO 15092 --- [restartedMain] com.netflix.discovery.DiscoveryClient    : Starting heartbeat executor: renew interval is: 30
2022-11-24 13:02:08.428  INFO 15092 --- [restartedMain] c.n.discovery.InstanceInfoReplicator     : InstanceInfoReplicator onDemand update allowed rate per min is 4
2022-11-24 13:02:08.431  INFO 15092 --- [restartedMain] com.netflix.discovery.DiscoveryClient    : Discovery Client initialized at timestamp 1669305728431 with initial instances count: 3
2022-11-24 13:02:08.433  INFO 15092 --- [restartedMain] o.s.c.n.e.s.EurekaServiceRegistry        : Registering application MSCARTOES with eureka with status UP
2022-11-24 13:02:08.434  INFO 15092 --- [restartedMain] com.netflix.discovery.DiscoveryClient    : Saw local status change event StatusChangeEvent [timestamp=1669305728434, current=UP, previous=STARTING]
2022-11-24 13:02:08.436  INFO 15092 --- [DiscoveryClient-InstanceInfoReplicator-0] com.netflix.discovery.DiscoveryClient    : DiscoveryClient_MSCARTOES/mscartoes:0670c98b6b7375038fb399586db33746: registering service...
2022-11-24 13:02:08.596  INFO 15092 --- [DiscoveryClient-InstanceInfoReplicator-0] com.netflix.discovery.DiscoveryClient    : DiscoveryClient_MSCARTOES/mscartoes:0670c98b6b7375038fb399586db33746 - registration status: 204
2022-11-24 13:02:08.861  INFO 15092 --- [restartedMain] o.s.a.r.c.CachingConnectionFactory       : Attempting to connect to: [localhost:5672]
2022-11-24 13:02:08.907  INFO 15092 --- [restartedMain] o.s.a.r.c.CachingConnectionFactory       : Created new connection: rabbitConnectionFactory#1bacaafa:0/SimpleConnection@4decd47e [delegate=amqp://guest@127.0.0.1:5672/, localPort= 1051]
2022-11-24 13:02:08.981  INFO 15092 --- [restartedMain] i.g.l.mscartoes.MscartoesApplication     : Started MscartoesApplication in 6.514 seconds (JVM running for 7.38)
2022-11-24 13:03:35.187  INFO 15092 --- [SpringApplicationShutdownHook] o.s.c.n.e.s.EurekaServiceRegistry        : Unregistering application MSCARTOES with eureka with status DOWN
2022-11-24 13:03:35.187  INFO 15092 --- [SpringApplicationShutdownHook] com.netflix.discovery.DiscoveryClient    : Saw local status change event StatusChangeEvent [timestamp=1669305815187, current=DOWN, previous=UP]
2022-11-24 13:03:35.188  INFO 15092 --- [DiscoveryClient-InstanceInfoReplicator-0] com.netflix.discovery.DiscoveryClient    : DiscoveryClient_MSCARTOES/mscartoes:0670c98b6b7375038fb399586db33746: registering service...
2022-11-24 13:03:35.193  INFO 15092 --- [DiscoveryClient-InstanceInfoReplicator-0] com.netflix.discovery.DiscoveryClient    : DiscoveryClient_MSCARTOES/mscartoes:0670c98b6b7375038fb399586db33746 - registration status: 204
2022-11-24 13:03:35.198  INFO 15092 --- [SpringApplicationShutdownHook] o.s.a.r.l.SimpleMessageListenerContainer : Waiting for workers to finish.
2022-11-24 13:03:36.024  INFO 15092 --- [SpringApplicationShutdownHook] o.s.a.r.l.SimpleMessageListenerContainer : Successfully waited for workers to finish.
2022-11-24 13:03:36.330  INFO 15092 --- [SpringApplicationShutdownHook] j.LocalContainerEntityManagerFactoryBean : Closing JPA EntityManagerFactory for persistence unit 'default'
2022-11-24 13:03:36.330  INFO 15092 --- [SpringApplicationShutdownHook] .SchemaDropperImpl$DelayedDropActionImpl : HHH000477: Starting delayed evictData of schema as part of SessionFactory shut-down'
2022-11-24 13:03:36.546  WARN 15092 --- [SpringApplicationShutdownHook] o.s.b.f.support.DisposableBeanAdapter    : Invocation of destroy method failed on bean with name 'inMemoryDatabaseShutdownExecutor': org.h2.jdbc.JdbcSQLNonTransientConnectionException: Database is already closed (to disable automatic closing at VM shutdown, add ";DB_CLOSE_ON_EXIT=FALSE" to the db URL) [90121-200]
2022-11-24 13:03:36.547  INFO 15092 --- [SpringApplicationShutdownHook] com.zaxxer.hikari.HikariDataSource       : HikariPool-1 - Shutdown initiated...
2022-11-24 13:03:36.551  INFO 15092 --- [SpringApplicationShutdownHook] com.zaxxer.hikari.HikariDataSource       : HikariPool-1 - Shutdown completed.
2022-11-24 13:03:36.551  INFO 15092 --- [SpringApplicationShutdownHook] com.netflix.discovery.DiscoveryClient    : Shutting down DiscoveryClient ...
2022-11-24 13:03:39.553  WARN 15092 --- [DiscoveryClient-1] c.netflix.discovery.TimedSupervisorTask  : task supervisor shutting down, can't accept the task
2022-11-24 13:03:39.554  INFO 15092 --- [SpringApplicationShutdownHook] com.netflix.discovery.DiscoveryClient    : Unregistering ...
2022-11-24 13:03:39.560  INFO 15092 --- [SpringApplicationShutdownHook] com.netflix.discovery.DiscoveryClient    : DiscoveryClient_MSCARTOES/mscartoes:0670c98b6b7375038fb399586db33746 - deregister  status: 200
2022-11-24 13:03:39.566  INFO 15092 --- [SpringApplicationShutdownHook] com.netflix.discovery.DiscoveryClient    : Completed shut down of DiscoveryClient
2022-11-24 13:03:46.986  INFO 33992 --- [restartedMain] i.g.l.mscartoes.MscartoesApplication     : Starting MscartoesApplication using Java 11.0.15 on DESKTOP-0LU874L with PID 33992 (C:\projetos-dev\java\cloud\mscartoes\target\classes started by gianc in C:\projetos-dev\java\cloud\mscartoes)
2022-11-24 13:03:46.987  INFO 33992 --- [restartedMain] i.g.l.mscartoes.MscartoesApplication     : No active profile set, falling back to 1 default profile: "default"
2022-11-24 13:03:47.026  INFO 33992 --- [restartedMain] .e.DevToolsPropertyDefaultsPostProcessor : Devtools property defaults active! Set 'spring.devtools.add-properties' to 'false' to disable
2022-11-24 13:03:47.027  INFO 33992 --- [restartedMain] .e.DevToolsPropertyDefaultsPostProcessor : For additional web related logging consider setting the 'logging.level.web' property to 'DEBUG'
2022-11-24 13:03:48.059  INFO 33992 --- [restartedMain] .s.d.r.c.RepositoryConfigurationDelegate : Bootstrapping Spring Data JPA repositories in DEFAULT mode.
2022-11-24 13:03:48.113  INFO 33992 --- [restartedMain] .s.d.r.c.RepositoryConfigurationDelegate : Finished Spring Data repository scanning in 47 ms. Found 2 JPA repository interfaces.
2022-11-24 13:03:48.346  INFO 33992 --- [restartedMain] o.s.cloud.context.scope.GenericScope     : BeanFactory id=e3fcbe0a-b763-3dd4-b1b9-0f08525843d1
2022-11-24 13:03:48.834  INFO 33992 --- [restartedMain] o.s.b.w.embedded.tomcat.TomcatWebServer  : Tomcat initialized with port(s): 0 (http)
2022-11-24 13:03:48.841  INFO 33992 --- [restartedMain] o.apache.catalina.core.StandardService   : Starting service [Tomcat]
2022-11-24 13:03:48.842  INFO 33992 --- [restartedMain] org.apache.catalina.core.StandardEngine  : Starting Servlet engine: [Apache Tomcat/9.0.60]
2022-11-24 13:03:48.938  INFO 33992 --- [restartedMain] o.a.c.c.C.[Tomcat].[localhost].[/]       : Initializing Spring embedded WebApplicationContext
2022-11-24 13:03:48.938  INFO 33992 --- [restartedMain] w.s.c.ServletWebServerApplicationContext : Root WebApplicationContext: initialization completed in 1910 ms
2022-11-24 13:03:49.021  INFO 33992 --- [restartedMain] com.zaxxer.hikari.HikariDataSource       : HikariPool-1 - Starting...
2022-11-24 13:03:49.097  INFO 33992 --- [restartedMain] com.zaxxer.hikari.HikariDataSource       : HikariPool-1 - Start completed.
2022-11-24 13:03:49.104  INFO 33992 --- [restartedMain] o.s.b.a.h2.H2ConsoleAutoConfiguration    : H2 console available at '/h2-console'. Database available at 'jdbc:h2:mem:10cdb538-7645-4083-af66-fb43ea544a41'
2022-11-24 13:03:49.229  INFO 33992 --- [restartedMain] o.hibernate.jpa.internal.util.LogHelper  : HHH000204: Processing PersistenceUnitInfo [name: default]
2022-11-24 13:03:49.255  INFO 33992 --- [restartedMain] org.hibernate.Version                    : HHH000412: Hibernate ORM core version 5.6.7.Final
2022-11-24 13:03:49.342  INFO 33992 --- [restartedMain] o.hibernate.annotations.common.Version   : HCANN000001: Hibernate Commons Annotations {5.1.2.Final}
2022-11-24 13:03:49.414  INFO 33992 --- [restartedMain] org.hibernate.dialect.Dialect            : HHH000400: Using dialect: org.hibernate.dialect.H2Dialect
2022-11-24 13:03:49.753  INFO 33992 --- [restartedMain] o.h.e.t.j.p.i.JtaPlatformInitiator       : HHH000490: Using JtaPlatform implementation: [org.hibernate.engine.transaction.jta.platform.internal.NoJtaPlatform]
2022-11-24 13:03:49.759  INFO 33992 --- [restartedMain] j.LocalContainerEntityManagerFactoryBean : Initialized JPA EntityManagerFactory for persistence unit 'default'
2022-11-24 13:03:50.086  WARN 33992 --- [restartedMain] JpaBaseConfiguration$JpaWebConfiguration : spring.jpa.open-in-view is enabled by default. Therefore, database queries may be performed during view rendering. Explicitly configure spring.jpa.open-in-view to disable this warning
2022-11-24 13:03:51.168  WARN 33992 --- [restartedMain] o.s.b.d.a.OptionalLiveReloadServer       : Unable to start LiveReload server
2022-11-24 13:03:51.457  INFO 33992 --- [restartedMain] DiscoveryClientOptionalArgsConfiguration : Eureka HTTP Client uses RestTemplate.
2022-11-24 13:03:51.512  WARN 33992 --- [restartedMain] iguration$LoadBalancerCaffeineWarnLogger : Spring Cloud LoadBalancer is currently working with the default cache. While this cache implementation is useful for development and tests, it's recommended to use Caffeine cache in production.You can switch to using Caffeine cache, by adding it and org.springframework.cache.caffeine.CaffeineCacheManager to the classpath.
2022-11-24 13:03:51.517  INFO 33992 --- [restartedMain] o.s.b.a.e.web.EndpointLinksResolver      : Exposing 17 endpoint(s) beneath base path '/actuator'
2022-11-24 13:03:51.686  INFO 33992 --- [restartedMain] o.s.b.w.embedded.tomcat.TomcatWebServer  : Tomcat started on port(s): 1577 (http) with context path ''
2022-11-24 13:03:51.688  INFO 33992 --- [restartedMain] .s.c.n.e.s.EurekaAutoServiceRegistration : Updating port to 1577
2022-11-24 13:03:51.693  INFO 33992 --- [restartedMain] o.s.c.n.eureka.InstanceInfoFactory       : Setting initial instance status as: STARTING
2022-11-24 13:03:51.719  INFO 33992 --- [restartedMain] com.netflix.discovery.DiscoveryClient    : Initializing Eureka in region us-east-1
2022-11-24 13:03:51.722  INFO 33992 --- [restartedMain] c.n.d.s.r.aws.ConfigClusterResolver      : Resolving eureka endpoints via configuration
2022-11-24 13:03:51.740  INFO 33992 --- [restartedMain] com.netflix.discovery.DiscoveryClient    : Disable delta property : false
2022-11-24 13:03:51.740  INFO 33992 --- [restartedMain] com.netflix.discovery.DiscoveryClient    : Single vip registry refresh property : null
2022-11-24 13:03:51.740  INFO 33992 --- [restartedMain] com.netflix.discovery.DiscoveryClient    : Force full registry fetch : false
2022-11-24 13:03:51.740  INFO 33992 --- [restartedMain] com.netflix.discovery.DiscoveryClient    : Application is null : false
2022-11-24 13:03:51.740  INFO 33992 --- [restartedMain] com.netflix.discovery.DiscoveryClient    : Registered Applications size is zero : true
2022-11-24 13:03:51.740  INFO 33992 --- [restartedMain] com.netflix.discovery.DiscoveryClient    : Application version is -1: true
2022-11-24 13:03:51.740  INFO 33992 --- [restartedMain] com.netflix.discovery.DiscoveryClient    : Getting all instance registry info from the eureka server
2022-11-24 13:03:51.995  INFO 33992 --- [restartedMain] com.netflix.discovery.DiscoveryClient    : The response status is 200
2022-11-24 13:03:51.997  INFO 33992 --- [restartedMain] com.netflix.discovery.DiscoveryClient    : Starting heartbeat executor: renew interval is: 30
2022-11-24 13:03:51.999  INFO 33992 --- [restartedMain] c.n.discovery.InstanceInfoReplicator     : InstanceInfoReplicator onDemand update allowed rate per min is 4
2022-11-24 13:03:52.003  INFO 33992 --- [restartedMain] com.netflix.discovery.DiscoveryClient    : Discovery Client initialized at timestamp 1669305832002 with initial instances count: 3
2022-11-24 13:03:52.004  INFO 33992 --- [restartedMain] o.s.c.n.e.s.EurekaServiceRegistry        : Registering application MSCARTOES with eureka with status UP
2022-11-24 13:03:52.005  INFO 33992 --- [restartedMain] com.netflix.discovery.DiscoveryClient    : Saw local status change event StatusChangeEvent [timestamp=1669305832005, current=UP, previous=STARTING]
2022-11-24 13:03:52.006  INFO 33992 --- [DiscoveryClient-InstanceInfoReplicator-0] com.netflix.discovery.DiscoveryClient    : DiscoveryClient_MSCARTOES/mscartoes:af68b92c12576a01a525a8b390532c19: registering service...
2022-11-24 13:03:52.114  INFO 33992 --- [DiscoveryClient-InstanceInfoReplicator-0] com.netflix.discovery.DiscoveryClient    : DiscoveryClient_MSCARTOES/mscartoes:af68b92c12576a01a525a8b390532c19 - registration status: 204
2022-11-24 13:03:52.305  INFO 33992 --- [restartedMain] o.s.a.r.c.CachingConnectionFactory       : Attempting to connect to: [localhost:5672]
2022-11-24 13:03:52.333  INFO 33992 --- [restartedMain] o.s.a.r.c.CachingConnectionFactory       : Created new connection: rabbitConnectionFactory#46f773e0:0/SimpleConnection@439fc009 [delegate=amqp://guest@127.0.0.1:5672/, localPort= 1583]
2022-11-24 13:03:52.384  INFO 33992 --- [restartedMain] i.g.l.mscartoes.MscartoesApplication     : Started MscartoesApplication in 6.02 seconds (JVM running for 6.957)
2022-11-24 13:03:52.826  INFO 33992 --- [RMI TCP Connection(1)-192.168.0.7] o.a.c.c.C.[Tomcat].[localhost].[/]       : Initializing Spring DispatcherServlet 'dispatcherServlet'
2022-11-24 13:03:52.826  INFO 33992 --- [RMI TCP Connection(1)-192.168.0.7] o.s.web.servlet.DispatcherServlet        : Initializing Servlet 'dispatcherServlet'
2022-11-24 13:03:52.828  INFO 33992 --- [RMI TCP Connection(1)-192.168.0.7] o.s.web.servlet.DispatcherServlet        : Completed initialization in 2 ms
2022-11-24 13:04:59.067  INFO 33992 --- [http-nio-auto-1-exec-4] o.springdoc.api.AbstractOpenApiResource  : Init duration for springdoc-openapi is: 192 ms
2022-11-24 13:08:51.743  INFO 33992 --- [AsyncResolver-bootstrap-executor-0] c.n.d.s.r.aws.ConfigClusterResolver      : Resolving eureka endpoints via configuration
2022-11-24 13:13:51.743  INFO 33992 --- [AsyncResolver-bootstrap-executor-0] c.n.d.s.r.aws.ConfigClusterResolver      : Resolving eureka endpoints via configuration
2022-11-24 13:18:51.744  INFO 33992 --- [AsyncResolver-bootstrap-executor-0] c.n.d.s.r.aws.ConfigClusterResolver      : Resolving eureka endpoints via configuration
2022-11-24 13:23:51.745  INFO 33992 --- [AsyncResolver-bootstrap-executor-0] c.n.d.s.r.aws.ConfigClusterResolver      : Resolving eureka endpoints via configuration
2022-11-24 13:28:51.746  INFO 33992 --- [AsyncResolver-bootstrap-executor-0] c.n.d.s.r.aws.ConfigClusterResolver      : Resolving eureka endpoints via configuration
2022-11-24 13:33:51.748  INFO 33992 --- [AsyncResolver-bootstrap-executor-0] c.n.d.s.r.aws.ConfigClusterResolver      : Resolving eureka endpoints via configuration
2022-11-24 13:38:51.749  INFO 33992 --- [AsyncResolver-bootstrap-executor-0] c.n.d.s.r.aws.ConfigClusterResolver      : Resolving eureka endpoints via configuration
2022-11-24 13:43:51.751  INFO 33992 --- [AsyncResolver-bootstrap-executor-0] c.n.d.s.r.aws.ConfigClusterResolver      : Resolving eureka endpoints via configuration
2022-11-24 13:48:51.752  INFO 33992 --- [AsyncResolver-bootstrap-executor-0] c.n.d.s.r.aws.ConfigClusterResolver      : Resolving eureka endpoints via configuration
2022-11-24 13:53:51.753  INFO 33992 --- [AsyncResolver-bootstrap-executor-0] c.n.d.s.r.aws.ConfigClusterResolver      : Resolving eureka endpoints via configuration
2022-11-24 13:58:51.754  INFO 33992 --- [AsyncResolver-bootstrap-executor-0] c.n.d.s.r.aws.ConfigClusterResolver      : Resolving eureka endpoints via configuration
2022-11-24 14:03:51.755  INFO 33992 --- [AsyncResolver-bootstrap-executor-0] c.n.d.s.r.aws.ConfigClusterResolver      : Resolving eureka endpoints via configuration
2022-11-24 14:08:51.756  INFO 33992 --- [AsyncResolver-bootstrap-executor-0] c.n.d.s.r.aws.ConfigClusterResolver      : Resolving eureka endpoints via configuration
2022-11-24 14:13:51.757  INFO 33992 --- [AsyncResolver-bootstrap-executor-0] c.n.d.s.r.aws.ConfigClusterResolver      : Resolving eureka endpoints via configuration
2022-11-24 14:18:51.759  INFO 33992 --- [AsyncResolver-bootstrap-executor-0] c.n.d.s.r.aws.ConfigClusterResolver      : Resolving eureka endpoints via configuration
2022-11-24 14:23:51.760  INFO 33992 --- [AsyncResolver-bootstrap-executor-0] c.n.d.s.r.aws.ConfigClusterResolver      : Resolving eureka endpoints via configuration
2022-11-24 14:28:51.761  INFO 33992 --- [AsyncResolver-bootstrap-executor-0] c.n.d.s.r.aws.ConfigClusterResolver      : Resolving eureka endpoints via configuration
2022-11-24 14:33:51.763  INFO 33992 --- [AsyncResolver-bootstrap-executor-0] c.n.d.s.r.aws.ConfigClusterResolver      : Resolving eureka endpoints via configuration
2022-11-24 14:38:51.764  INFO 33992 --- [AsyncResolver-bootstrap-executor-0] c.n.d.s.r.aws.ConfigClusterResolver      : Resolving eureka endpoints via configuration
2022-11-24 14:43:51.765  INFO 33992 --- [AsyncResolver-bootstrap-executor-0] c.n.d.s.r.aws.ConfigClusterResolver      : Resolving eureka endpoints via configuration
2022-11-24 14:48:51.766  INFO 33992 --- [AsyncResolver-bootstrap-executor-0] c.n.d.s.r.aws.ConfigClusterResolver      : Resolving eureka endpoints via configuration
2022-11-24 14:53:51.767  INFO 33992 --- [AsyncResolver-bootstrap-executor-0] c.n.d.s.r.aws.ConfigClusterResolver      : Resolving eureka endpoints via configuration
2022-11-24 14:58:51.769  INFO 33992 --- [AsyncResolver-bootstrap-executor-0] c.n.d.s.r.aws.ConfigClusterResolver      : Resolving eureka endpoints via configuration
2022-11-24 15:03:51.771  INFO 33992 --- [AsyncResolver-bootstrap-executor-0] c.n.d.s.r.aws.ConfigClusterResolver      : Resolving eureka endpoints via configuration
2022-11-24 15:08:51.772  INFO 33992 --- [AsyncResolver-bootstrap-executor-0] c.n.d.s.r.aws.ConfigClusterResolver      : Resolving eureka endpoints via configuration
2022-11-24 15:13:51.775  INFO 33992 --- [AsyncResolver-bootstrap-executor-0] c.n.d.s.r.aws.ConfigClusterResolver      : Resolving eureka endpoints via configuration
2022-11-24 15:18:51.775  INFO 33992 --- [AsyncResolver-bootstrap-executor-0] c.n.d.s.r.aws.ConfigClusterResolver      : Resolving eureka endpoints via configuration
2022-11-24 15:23:51.776  INFO 33992 --- [AsyncResolver-bootstrap-executor-0] c.n.d.s.r.aws.ConfigClusterResolver      : Resolving eureka endpoints via configuration
2022-11-24 15:28:51.777  INFO 33992 --- [AsyncResolver-bootstrap-executor-0] c.n.d.s.r.aws.ConfigClusterResolver      : Resolving eureka endpoints via configuration
2022-11-24 15:33:51.779  INFO 33992 --- [AsyncResolver-bootstrap-executor-0] c.n.d.s.r.aws.ConfigClusterResolver      : Resolving eureka endpoints via configuration
2022-11-24 15:38:51.780  INFO 33992 --- [AsyncResolver-bootstrap-executor-0] c.n.d.s.r.aws.ConfigClusterResolver      : Resolving eureka endpoints via configuration
2022-11-24 15:43:51.782  INFO 33992 --- [AsyncResolver-bootstrap-executor-0] c.n.d.s.r.aws.ConfigClusterResolver      : Resolving eureka endpoints via configuration
2022-11-24 15:48:51.784  INFO 33992 --- [AsyncResolver-bootstrap-executor-0] c.n.d.s.r.aws.ConfigClusterResolver      : Resolving eureka endpoints via configuration
2022-11-24 15:53:51.786  INFO 33992 --- [AsyncResolver-bootstrap-executor-0] c.n.d.s.r.aws.ConfigClusterResolver      : Resolving eureka endpoints via configuration
2022-11-24 15:58:51.787  INFO 33992 --- [AsyncResolver-bootstrap-executor-0] c.n.d.s.r.aws.ConfigClusterResolver      : Resolving eureka endpoints via configuration
2022-11-24 16:03:51.788  INFO 33992 --- [AsyncResolver-bootstrap-executor-0] c.n.d.s.r.aws.ConfigClusterResolver      : Resolving eureka endpoints via configuration
2022-11-24 16:08:51.789  INFO 33992 --- [AsyncResolver-bootstrap-executor-0] c.n.d.s.r.aws.ConfigClusterResolver      : Resolving eureka endpoints via configuration
2022-11-24 16:13:51.790  INFO 33992 --- [AsyncResolver-bootstrap-executor-0] c.n.d.s.r.aws.ConfigClusterResolver      : Resolving eureka endpoints via configuration
2022-11-24 16:18:51.792  INFO 33992 --- [AsyncResolver-bootstrap-executor-0] c.n.d.s.r.aws.ConfigClusterResolver      : Resolving eureka endpoints via configuration
2022-11-24 16:23:51.793  INFO 33992 --- [AsyncResolver-bootstrap-executor-0] c.n.d.s.r.aws.ConfigClusterResolver      : Resolving eureka endpoints via configuration
2022-11-24 16:28:51.794  INFO 33992 --- [AsyncResolver-bootstrap-executor-0] c.n.d.s.r.aws.ConfigClusterResolver      : Resolving eureka endpoints via configuration
2022-11-24 16:33:51.795  INFO 33992 --- [AsyncResolver-bootstrap-executor-0] c.n.d.s.r.aws.ConfigClusterResolver      : Resolving eureka endpoints via configuration
2022-11-24 16:38:51.796  INFO 33992 --- [AsyncResolver-bootstrap-executor-0] c.n.d.s.r.aws.ConfigClusterResolver      : Resolving eureka endpoints via configuration
2022-11-24 16:43:51.798  INFO 33992 --- [AsyncResolver-bootstrap-executor-0] c.n.d.s.r.aws.ConfigClusterResolver      : Resolving eureka endpoints via configuration
2022-11-24 16:48:51.799  INFO 33992 --- [AsyncResolver-bootstrap-executor-0] c.n.d.s.r.aws.ConfigClusterResolver      : Resolving eureka endpoints via configuration
2022-11-24 16:53:51.800  INFO 33992 --- [AsyncResolver-bootstrap-executor-0] c.n.d.s.r.aws.ConfigClusterResolver      : Resolving eureka endpoints via configuration
2022-11-24 16:58:51.801  INFO 33992 --- [AsyncResolver-bootstrap-executor-0] c.n.d.s.r.aws.ConfigClusterResolver      : Resolving eureka endpoints via configuration
2022-11-24 17:03:51.802  INFO 33992 --- [AsyncResolver-bootstrap-executor-0] c.n.d.s.r.aws.ConfigClusterResolver      : Resolving eureka endpoints via configuration
2022-11-24 17:08:51.803  INFO 33992 --- [AsyncResolver-bootstrap-executor-0] c.n.d.s.r.aws.ConfigClusterResolver      : Resolving eureka endpoints via configuration
2022-11-24 17:13:51.804  INFO 33992 --- [AsyncResolver-bootstrap-executor-0] c.n.d.s.r.aws.ConfigClusterResolver      : Resolving eureka endpoints via configuration
2022-11-24 17:18:51.805  INFO 33992 --- [AsyncResolver-bootstrap-executor-0] c.n.d.s.r.aws.ConfigClusterResolver      : Resolving eureka endpoints via configuration
2022-11-24 17:23:51.806  INFO 33992 --- [AsyncResolver-bootstrap-executor-0] c.n.d.s.r.aws.ConfigClusterResolver      : Resolving eureka endpoints via configuration
2022-11-24 17:28:51.807  INFO 33992 --- [AsyncResolver-bootstrap-executor-0] c.n.d.s.r.aws.ConfigClusterResolver      : Resolving eureka endpoints via configuration
2022-11-24 17:33:51.808  INFO 33992 --- [AsyncResolver-bootstrap-executor-0] c.n.d.s.r.aws.ConfigClusterResolver      : Resolving eureka endpoints via configuration
2022-11-24 17:38:51.809  INFO 33992 --- [AsyncResolver-bootstrap-executor-0] c.n.d.s.r.aws.ConfigClusterResolver      : Resolving eureka endpoints via configuration
2022-11-24 17:43:51.810  INFO 33992 --- [AsyncResolver-bootstrap-executor-0] c.n.d.s.r.aws.ConfigClusterResolver      : Resolving eureka endpoints via configuration
2022-11-24 17:48:51.811  INFO 33992 --- [AsyncResolver-bootstrap-executor-0] c.n.d.s.r.aws.ConfigClusterResolver      : Resolving eureka endpoints via configuration
2022-11-24 17:53:51.812  INFO 33992 --- [AsyncResolver-bootstrap-executor-0] c.n.d.s.r.aws.ConfigClusterResolver      : Resolving eureka endpoints via configuration
2022-11-24 17:58:51.814  INFO 33992 --- [AsyncResolver-bootstrap-executor-0] c.n.d.s.r.aws.ConfigClusterResolver      : Resolving eureka endpoints via configuration
2022-11-24 18:03:51.815  INFO 33992 --- [AsyncResolver-bootstrap-executor-0] c.n.d.s.r.aws.ConfigClusterResolver      : Resolving eureka endpoints via configuration
2022-11-24 18:08:51.816  INFO 33992 --- [AsyncResolver-bootstrap-executor-0] c.n.d.s.r.aws.ConfigClusterResolver      : Resolving eureka endpoints via configuration
2022-11-24 18:13:51.817  INFO 33992 --- [AsyncResolver-bootstrap-executor-0] c.n.d.s.r.aws.ConfigClusterResolver      : Resolving eureka endpoints via configuration
2022-11-24 18:18:51.819  INFO 33992 --- [AsyncResolver-bootstrap-executor-0] c.n.d.s.r.aws.ConfigClusterResolver      : Resolving eureka endpoints via configuration
2022-11-24 18:23:51.819  INFO 33992 --- [AsyncResolver-bootstrap-executor-0] c.n.d.s.r.aws.ConfigClusterResolver      : Resolving eureka endpoints via configuration
2022-11-24 18:28:51.821  INFO 33992 --- [AsyncResolver-bootstrap-executor-0] c.n.d.s.r.aws.ConfigClusterResolver      : Resolving eureka endpoints via configuration
2022-11-24 18:33:51.822  INFO 33992 --- [AsyncResolver-bootstrap-executor-0] c.n.d.s.r.aws.ConfigClusterResolver      : Resolving eureka endpoints via configuration
2022-11-24 18:38:24.334  INFO 33992 --- [SpringApplicationShutdownHook] o.s.c.n.e.s.EurekaServiceRegistry        : Unregistering application MSCARTOES with eureka with status DOWN
2022-11-24 18:38:24.334  INFO 33992 --- [SpringApplicationShutdownHook] com.netflix.discovery.DiscoveryClient    : Saw local status change event StatusChangeEvent [timestamp=1669325904334, current=DOWN, previous=UP]
2022-11-24 18:38:24.336  INFO 33992 --- [DiscoveryClient-InstanceInfoReplicator-0] com.netflix.discovery.DiscoveryClient    : DiscoveryClient_MSCARTOES/mscartoes:af68b92c12576a01a525a8b390532c19: registering service...
2022-11-24 18:38:24.353  INFO 33992 --- [DiscoveryClient-InstanceInfoReplicator-0] com.netflix.discovery.DiscoveryClient    : DiscoveryClient_MSCARTOES/mscartoes:af68b92c12576a01a525a8b390532c19 - registration status: 204
2022-11-24 18:38:24.408  INFO 33992 --- [SpringApplicationShutdownHook] o.s.a.r.l.SimpleMessageListenerContainer : Waiting for workers to finish.
2022-11-24 18:38:24.564  INFO 33992 --- [SpringApplicationShutdownHook] o.s.a.r.l.SimpleMessageListenerContainer : Successfully waited for workers to finish.
2022-11-24 18:38:24.818  INFO 33992 --- [SpringApplicationShutdownHook] j.LocalContainerEntityManagerFactoryBean : Closing JPA EntityManagerFactory for persistence unit 'default'
2022-11-24 18:38:24.837  INFO 33992 --- [SpringApplicationShutdownHook] .SchemaDropperImpl$DelayedDropActionImpl : HHH000477: Starting delayed evictData of schema as part of SessionFactory shut-down'
2022-11-24 18:38:25.090  WARN 33992 --- [SpringApplicationShutdownHook] o.s.b.f.support.DisposableBeanAdapter    : Invocation of destroy method failed on bean with name 'inMemoryDatabaseShutdownExecutor': org.h2.jdbc.JdbcSQLNonTransientConnectionException: Database is already closed (to disable automatic closing at VM shutdown, add ";DB_CLOSE_ON_EXIT=FALSE" to the db URL) [90121-200]
2022-11-24 18:38:25.091  INFO 33992 --- [SpringApplicationShutdownHook] com.zaxxer.hikari.HikariDataSource       : HikariPool-1 - Shutdown initiated...
2022-11-24 18:38:25.096  INFO 33992 --- [SpringApplicationShutdownHook] com.zaxxer.hikari.HikariDataSource       : HikariPool-1 - Shutdown completed.
2022-11-24 18:38:25.099  INFO 33992 --- [SpringApplicationShutdownHook] com.netflix.discovery.DiscoveryClient    : Shutting down DiscoveryClient ...
2022-11-24 18:38:28.100  INFO 33992 --- [SpringApplicationShutdownHook] com.netflix.discovery.DiscoveryClient    : Unregistering ...
2022-11-24 18:38:28.100  WARN 33992 --- [DiscoveryClient-1] c.netflix.discovery.TimedSupervisorTask  : task supervisor shutting down, can't accept the task
2022-11-24 18:38:28.106  INFO 33992 --- [SpringApplicationShutdownHook] com.netflix.discovery.DiscoveryClient    : DiscoveryClient_MSCARTOES/mscartoes:af68b92c12576a01a525a8b390532c19 - deregister  status: 200
2022-11-24 18:38:28.112  INFO 33992 --- [SpringApplicationShutdownHook] com.netflix.discovery.DiscoveryClient    : Completed shut down of DiscoveryClient
