2022-11-24 12:49:07.856  INFO 35024 --- [restartedMain] i.g.l.msclientes.MsclientesApplication   : Starting MsclientesApplication using Java 11.0.15 on DESKTOP-0LU874L with PID 35024 (C:\projetos-dev\java\cloud\msclientes\target\classes started by gianc in C:\projetos-dev\java\cloud\msclientes)
2022-11-24 12:49:07.857  INFO 35024 --- [restartedMain] i.g.l.msclientes.MsclientesApplication   : No active profile set, falling back to 1 default profile: "default"
2022-11-24 12:49:07.888  INFO 35024 --- [restartedMain] .e.DevToolsPropertyDefaultsPostProcessor : Devtools property defaults active! Set 'spring.devtools.add-properties' to 'false' to disable
2022-11-24 12:49:07.888  INFO 35024 --- [restartedMain] .e.DevToolsPropertyDefaultsPostProcessor : For additional web related logging consider setting the 'logging.level.web' property to 'DEBUG'
2022-11-24 12:49:08.589  INFO 35024 --- [restartedMain] .s.d.r.c.RepositoryConfigurationDelegate : Bootstrapping Spring Data JPA repositories in DEFAULT mode.
2022-11-24 12:49:08.641  INFO 35024 --- [restartedMain] .s.d.r.c.RepositoryConfigurationDelegate : Finished Spring Data repository scanning in 44 ms. Found 1 JPA repository interfaces.
2022-11-24 12:49:08.824  INFO 35024 --- [restartedMain] o.s.cloud.context.scope.GenericScope     : BeanFactory id=1d09cc96-ed4f-3bff-898b-4cc53dddaa50
2022-11-24 12:49:09.260  INFO 35024 --- [restartedMain] o.s.b.w.embedded.tomcat.TomcatWebServer  : Tomcat initialized with port(s): 0 (http)
2022-11-24 12:49:09.270  INFO 35024 --- [restartedMain] o.apache.catalina.core.StandardService   : Starting service [Tomcat]
2022-11-24 12:49:09.270  INFO 35024 --- [restartedMain] org.apache.catalina.core.StandardEngine  : Starting Servlet engine: [Apache Tomcat/9.0.60]
2022-11-24 12:49:09.348  INFO 35024 --- [restartedMain] o.a.c.c.C.[Tomcat].[localhost].[/]       : Initializing Spring embedded WebApplicationContext
2022-11-24 12:49:09.348  INFO 35024 --- [restartedMain] w.s.c.ServletWebServerApplicationContext : Root WebApplicationContext: initialization completed in 1458 ms
2022-11-24 12:49:09.423  INFO 35024 --- [restartedMain] com.zaxxer.hikari.HikariDataSource       : HikariPool-1 - Starting...
2022-11-24 12:49:09.498  INFO 35024 --- [restartedMain] com.zaxxer.hikari.HikariDataSource       : HikariPool-1 - Start completed.
2022-11-24 12:49:09.505  INFO 35024 --- [restartedMain] o.s.b.a.h2.H2ConsoleAutoConfiguration    : H2 console available at '/h2-console'. Database available at 'jdbc:h2:mem:279a1e1e-1540-4ac5-96d8-a0ea0467fb48'
2022-11-24 12:49:09.628  INFO 35024 --- [restartedMain] o.hibernate.jpa.internal.util.LogHelper  : HHH000204: Processing PersistenceUnitInfo [name: default]
2022-11-24 12:49:09.672  INFO 35024 --- [restartedMain] org.hibernate.Version                    : HHH000412: Hibernate ORM core version 5.6.7.Final
2022-11-24 12:49:09.792  INFO 35024 --- [restartedMain] o.hibernate.annotations.common.Version   : HCANN000001: Hibernate Commons Annotations {5.1.2.Final}
2022-11-24 12:49:09.872  INFO 35024 --- [restartedMain] org.hibernate.dialect.Dialect            : HHH000400: Using dialect: org.hibernate.dialect.H2Dialect
2022-11-24 12:49:10.256  INFO 35024 --- [restartedMain] o.h.e.t.j.p.i.JtaPlatformInitiator       : HHH000490: Using JtaPlatform implementation: [org.hibernate.engine.transaction.jta.platform.internal.NoJtaPlatform]
2022-11-24 12:49:10.261  INFO 35024 --- [restartedMain] j.LocalContainerEntityManagerFactoryBean : Initialized JPA EntityManagerFactory for persistence unit 'default'
2022-11-24 12:49:10.512  WARN 35024 --- [restartedMain] JpaBaseConfiguration$JpaWebConfiguration : spring.jpa.open-in-view is enabled by default. Therefore, database queries may be performed during view rendering. Explicitly configure spring.jpa.open-in-view to disable this warning
2022-11-24 12:49:11.234  INFO 35024 --- [restartedMain] o.s.b.d.a.OptionalLiveReloadServer       : LiveReload server is running on port 35729
2022-11-24 12:49:11.524  INFO 35024 --- [restartedMain] DiscoveryClientOptionalArgsConfiguration : Eureka HTTP Client uses RestTemplate.
2022-11-24 12:49:11.573  WARN 35024 --- [restartedMain] iguration$LoadBalancerCaffeineWarnLogger : Spring Cloud LoadBalancer is currently working with the default cache. While this cache implementation is useful for development and tests, it's recommended to use Caffeine cache in production.You can switch to using Caffeine cache, by adding it and org.springframework.cache.caffeine.CaffeineCacheManager to the classpath.
2022-11-24 12:49:11.577  INFO 35024 --- [restartedMain] o.s.b.a.e.web.EndpointLinksResolver      : Exposing 17 endpoint(s) beneath base path '/actuator'
2022-11-24 12:49:11.644  INFO 35024 --- [restartedMain] o.s.b.w.embedded.tomcat.TomcatWebServer  : Tomcat started on port(s): 1570 (http) with context path ''
2022-11-24 12:49:11.646  INFO 35024 --- [restartedMain] .s.c.n.e.s.EurekaAutoServiceRegistration : Updating port to 1570
2022-11-24 12:49:11.649  INFO 35024 --- [restartedMain] o.s.c.n.eureka.InstanceInfoFactory       : Setting initial instance status as: STARTING
2022-11-24 12:49:11.675  INFO 35024 --- [restartedMain] com.netflix.discovery.DiscoveryClient    : Initializing Eureka in region us-east-1
2022-11-24 12:49:11.679  INFO 35024 --- [restartedMain] c.n.d.s.r.aws.ConfigClusterResolver      : Resolving eureka endpoints via configuration
2022-11-24 12:49:11.696  INFO 35024 --- [restartedMain] com.netflix.discovery.DiscoveryClient    : Disable delta property : false
2022-11-24 12:49:11.697  INFO 35024 --- [restartedMain] com.netflix.discovery.DiscoveryClient    : Single vip registry refresh property : null
2022-11-24 12:49:11.697  INFO 35024 --- [restartedMain] com.netflix.discovery.DiscoveryClient    : Force full registry fetch : false
2022-11-24 12:49:11.697  INFO 35024 --- [restartedMain] com.netflix.discovery.DiscoveryClient    : Application is null : false
2022-11-24 12:49:11.697  INFO 35024 --- [restartedMain] com.netflix.discovery.DiscoveryClient    : Registered Applications size is zero : true
2022-11-24 12:49:11.697  INFO 35024 --- [restartedMain] com.netflix.discovery.DiscoveryClient    : Application version is -1: true
2022-11-24 12:49:11.697  INFO 35024 --- [restartedMain] com.netflix.discovery.DiscoveryClient    : Getting all instance registry info from the eureka server
2022-11-24 12:49:12.014  INFO 35024 --- [restartedMain] com.netflix.discovery.DiscoveryClient    : The response status is 200
2022-11-24 12:49:12.017  INFO 35024 --- [restartedMain] com.netflix.discovery.DiscoveryClient    : Starting heartbeat executor: renew interval is: 30
2022-11-24 12:49:12.018  INFO 35024 --- [restartedMain] c.n.discovery.InstanceInfoReplicator     : InstanceInfoReplicator onDemand update allowed rate per min is 4
2022-11-24 12:49:12.022  INFO 35024 --- [restartedMain] com.netflix.discovery.DiscoveryClient    : Discovery Client initialized at timestamp 1669304952021 with initial instances count: 3
2022-11-24 12:49:12.024  INFO 35024 --- [restartedMain] o.s.c.n.e.s.EurekaServiceRegistry        : Registering application MSCLIENTES with eureka with status UP
2022-11-24 12:49:12.024  INFO 35024 --- [restartedMain] com.netflix.discovery.DiscoveryClient    : Saw local status change event StatusChangeEvent [timestamp=1669304952024, current=UP, previous=STARTING]
2022-11-24 12:49:12.026  INFO 35024 --- [DiscoveryClient-InstanceInfoReplicator-0] com.netflix.discovery.DiscoveryClient    : DiscoveryClient_MSCLIENTES/msclientes:d4dd9bbeac0cb769b47433742453b36e: registering service...
2022-11-24 12:49:12.140  INFO 35024 --- [DiscoveryClient-InstanceInfoReplicator-0] com.netflix.discovery.DiscoveryClient    : DiscoveryClient_MSCLIENTES/msclientes:d4dd9bbeac0cb769b47433742453b36e - registration status: 204
2022-11-24 12:49:12.324  INFO 35024 --- [restartedMain] i.g.l.msclientes.MsclientesApplication   : Started MsclientesApplication in 5.199 seconds (JVM running for 6.226)
2022-11-24 12:49:12.942  INFO 35024 --- [RMI TCP Connection(2)-192.168.0.7] o.a.c.c.C.[Tomcat].[localhost].[/]       : Initializing Spring DispatcherServlet 'dispatcherServlet'
2022-11-24 12:49:12.942  INFO 35024 --- [RMI TCP Connection(2)-192.168.0.7] o.s.web.servlet.DispatcherServlet        : Initializing Servlet 'dispatcherServlet'
2022-11-24 12:49:12.943  INFO 35024 --- [RMI TCP Connection(2)-192.168.0.7] o.s.web.servlet.DispatcherServlet        : Completed initialization in 1 ms
2022-11-24 12:51:27.717  INFO 35024 --- [SpringApplicationShutdownHook] o.s.c.n.e.s.EurekaServiceRegistry        : Unregistering application MSCLIENTES with eureka with status DOWN
2022-11-24 12:51:27.718  INFO 35024 --- [SpringApplicationShutdownHook] com.netflix.discovery.DiscoveryClient    : Saw local status change event StatusChangeEvent [timestamp=1669305087718, current=DOWN, previous=UP]
2022-11-24 12:51:27.718  INFO 35024 --- [DiscoveryClient-InstanceInfoReplicator-0] com.netflix.discovery.DiscoveryClient    : DiscoveryClient_MSCLIENTES/msclientes:d4dd9bbeac0cb769b47433742453b36e: registering service...
2022-11-24 12:51:27.723  INFO 35024 --- [DiscoveryClient-InstanceInfoReplicator-0] com.netflix.discovery.DiscoveryClient    : DiscoveryClient_MSCLIENTES/msclientes:d4dd9bbeac0cb769b47433742453b36e - registration status: 204
2022-11-24 12:51:27.994  INFO 35024 --- [SpringApplicationShutdownHook] j.LocalContainerEntityManagerFactoryBean : Closing JPA EntityManagerFactory for persistence unit 'default'
2022-11-24 12:51:27.994  INFO 35024 --- [SpringApplicationShutdownHook] .SchemaDropperImpl$DelayedDropActionImpl : HHH000477: Starting delayed evictData of schema as part of SessionFactory shut-down'
2022-11-24 12:51:28.221  WARN 35024 --- [SpringApplicationShutdownHook] o.s.b.f.support.DisposableBeanAdapter    : Invocation of destroy method failed on bean with name 'inMemoryDatabaseShutdownExecutor': org.h2.jdbc.JdbcSQLNonTransientConnectionException: Database is already closed (to disable automatic closing at VM shutdown, add ";DB_CLOSE_ON_EXIT=FALSE" to the db URL) [90121-200]
2022-11-24 12:51:28.221  INFO 35024 --- [SpringApplicationShutdownHook] com.zaxxer.hikari.HikariDataSource       : HikariPool-1 - Shutdown initiated...
2022-11-24 12:51:28.224  INFO 35024 --- [SpringApplicationShutdownHook] com.zaxxer.hikari.HikariDataSource       : HikariPool-1 - Shutdown completed.
2022-11-24 12:51:28.226  INFO 35024 --- [SpringApplicationShutdownHook] com.netflix.discovery.DiscoveryClient    : Shutting down DiscoveryClient ...
2022-11-24 12:51:31.229  INFO 35024 --- [SpringApplicationShutdownHook] com.netflix.discovery.DiscoveryClient    : Unregistering ...
2022-11-24 12:51:31.233  INFO 35024 --- [SpringApplicationShutdownHook] com.netflix.discovery.DiscoveryClient    : DiscoveryClient_MSCLIENTES/msclientes:d4dd9bbeac0cb769b47433742453b36e - deregister  status: 200
2022-11-24 12:51:31.237  INFO 35024 --- [SpringApplicationShutdownHook] com.netflix.discovery.DiscoveryClient    : Completed shut down of DiscoveryClient
2022-11-24 12:51:34.622  INFO 9824 --- [restartedMain] i.g.l.msclientes.MsclientesApplication   : Starting MsclientesApplication using Java 11.0.15 on DESKTOP-0LU874L with PID 9824 (C:\projetos-dev\java\cloud\msclientes\target\classes started by gianc in C:\projetos-dev\java\cloud\msclientes)
2022-11-24 12:51:34.623  INFO 9824 --- [restartedMain] i.g.l.msclientes.MsclientesApplication   : No active profile set, falling back to 1 default profile: "default"
2022-11-24 12:51:34.651  INFO 9824 --- [restartedMain] .e.DevToolsPropertyDefaultsPostProcessor : Devtools property defaults active! Set 'spring.devtools.add-properties' to 'false' to disable
2022-11-24 12:51:34.652  INFO 9824 --- [restartedMain] .e.DevToolsPropertyDefaultsPostProcessor : For additional web related logging consider setting the 'logging.level.web' property to 'DEBUG'
2022-11-24 12:51:35.927  INFO 9824 --- [restartedMain] .s.d.r.c.RepositoryConfigurationDelegate : Bootstrapping Spring Data JPA repositories in DEFAULT mode.
2022-11-24 12:51:36.021  INFO 9824 --- [restartedMain] .s.d.r.c.RepositoryConfigurationDelegate : Finished Spring Data repository scanning in 81 ms. Found 1 JPA repository interfaces.
2022-11-24 12:51:36.428  INFO 9824 --- [restartedMain] o.s.cloud.context.scope.GenericScope     : BeanFactory id=1d09cc96-ed4f-3bff-898b-4cc53dddaa50
2022-11-24 12:51:36.923  INFO 9824 --- [restartedMain] o.s.b.w.embedded.tomcat.TomcatWebServer  : Tomcat initialized with port(s): 0 (http)
2022-11-24 12:51:36.933  INFO 9824 --- [restartedMain] o.apache.catalina.core.StandardService   : Starting service [Tomcat]
2022-11-24 12:51:36.933  INFO 9824 --- [restartedMain] org.apache.catalina.core.StandardEngine  : Starting Servlet engine: [Apache Tomcat/9.0.60]
2022-11-24 12:51:37.015  INFO 9824 --- [restartedMain] o.a.c.c.C.[Tomcat].[localhost].[/]       : Initializing Spring embedded WebApplicationContext
2022-11-24 12:51:37.016  INFO 9824 --- [restartedMain] w.s.c.ServletWebServerApplicationContext : Root WebApplicationContext: initialization completed in 2364 ms
2022-11-24 12:51:37.094  INFO 9824 --- [restartedMain] com.zaxxer.hikari.HikariDataSource       : HikariPool-1 - Starting...
2022-11-24 12:51:37.174  INFO 9824 --- [restartedMain] com.zaxxer.hikari.HikariDataSource       : HikariPool-1 - Start completed.
2022-11-24 12:51:37.183  INFO 9824 --- [restartedMain] o.s.b.a.h2.H2ConsoleAutoConfiguration    : H2 console available at '/h2-console'. Database available at 'jdbc:h2:mem:334e97d4-5d70-46c5-b1df-986c2b6809ce'
2022-11-24 12:51:37.310  INFO 9824 --- [restartedMain] o.hibernate.jpa.internal.util.LogHelper  : HHH000204: Processing PersistenceUnitInfo [name: default]
2022-11-24 12:51:37.356  INFO 9824 --- [restartedMain] org.hibernate.Version                    : HHH000412: Hibernate ORM core version 5.6.7.Final
2022-11-24 12:51:37.474  INFO 9824 --- [restartedMain] o.hibernate.annotations.common.Version   : HCANN000001: Hibernate Commons Annotations {5.1.2.Final}
2022-11-24 12:51:37.551  INFO 9824 --- [restartedMain] org.hibernate.dialect.Dialect            : HHH000400: Using dialect: org.hibernate.dialect.H2Dialect
2022-11-24 12:51:37.943  INFO 9824 --- [restartedMain] o.h.e.t.j.p.i.JtaPlatformInitiator       : HHH000490: Using JtaPlatform implementation: [org.hibernate.engine.transaction.jta.platform.internal.NoJtaPlatform]
2022-11-24 12:51:37.949  INFO 9824 --- [restartedMain] j.LocalContainerEntityManagerFactoryBean : Initialized JPA EntityManagerFactory for persistence unit 'default'
2022-11-24 12:51:38.215  WARN 9824 --- [restartedMain] JpaBaseConfiguration$JpaWebConfiguration : spring.jpa.open-in-view is enabled by default. Therefore, database queries may be performed during view rendering. Explicitly configure spring.jpa.open-in-view to disable this warning
2022-11-24 12:51:38.956  INFO 9824 --- [restartedMain] o.s.b.d.a.OptionalLiveReloadServer       : LiveReload server is running on port 35729
2022-11-24 12:51:39.244  INFO 9824 --- [restartedMain] DiscoveryClientOptionalArgsConfiguration : Eureka HTTP Client uses RestTemplate.
2022-11-24 12:51:39.292  WARN 9824 --- [restartedMain] iguration$LoadBalancerCaffeineWarnLogger : Spring Cloud LoadBalancer is currently working with the default cache. While this cache implementation is useful for development and tests, it's recommended to use Caffeine cache in production.You can switch to using Caffeine cache, by adding it and org.springframework.cache.caffeine.CaffeineCacheManager to the classpath.
2022-11-24 12:51:39.296  INFO 9824 --- [restartedMain] o.s.b.a.e.web.EndpointLinksResolver      : Exposing 17 endpoint(s) beneath base path '/actuator'
2022-11-24 12:51:39.365  INFO 9824 --- [restartedMain] o.s.b.w.embedded.tomcat.TomcatWebServer  : Tomcat started on port(s): 19902 (http) with context path ''
2022-11-24 12:51:39.366  INFO 9824 --- [restartedMain] .s.c.n.e.s.EurekaAutoServiceRegistration : Updating port to 19902
2022-11-24 12:51:39.370  INFO 9824 --- [restartedMain] o.s.c.n.eureka.InstanceInfoFactory       : Setting initial instance status as: STARTING
2022-11-24 12:51:39.395  INFO 9824 --- [restartedMain] com.netflix.discovery.DiscoveryClient    : Initializing Eureka in region us-east-1
2022-11-24 12:51:39.398  INFO 9824 --- [restartedMain] c.n.d.s.r.aws.ConfigClusterResolver      : Resolving eureka endpoints via configuration
2022-11-24 12:51:39.415  INFO 9824 --- [restartedMain] com.netflix.discovery.DiscoveryClient    : Disable delta property : false
2022-11-24 12:51:39.415  INFO 9824 --- [restartedMain] com.netflix.discovery.DiscoveryClient    : Single vip registry refresh property : null
2022-11-24 12:51:39.415  INFO 9824 --- [restartedMain] com.netflix.discovery.DiscoveryClient    : Force full registry fetch : false
2022-11-24 12:51:39.415  INFO 9824 --- [restartedMain] com.netflix.discovery.DiscoveryClient    : Application is null : false
2022-11-24 12:51:39.416  INFO 9824 --- [restartedMain] com.netflix.discovery.DiscoveryClient    : Registered Applications size is zero : true
2022-11-24 12:51:39.416  INFO 9824 --- [restartedMain] com.netflix.discovery.DiscoveryClient    : Application version is -1: true
2022-11-24 12:51:39.416  INFO 9824 --- [restartedMain] com.netflix.discovery.DiscoveryClient    : Getting all instance registry info from the eureka server
2022-11-24 12:51:39.740  INFO 9824 --- [restartedMain] com.netflix.discovery.DiscoveryClient    : The response status is 200
2022-11-24 12:51:39.742  INFO 9824 --- [restartedMain] com.netflix.discovery.DiscoveryClient    : Starting heartbeat executor: renew interval is: 30
2022-11-24 12:51:39.744  INFO 9824 --- [restartedMain] c.n.discovery.InstanceInfoReplicator     : InstanceInfoReplicator onDemand update allowed rate per min is 4
2022-11-24 12:51:39.748  INFO 9824 --- [restartedMain] com.netflix.discovery.DiscoveryClient    : Discovery Client initialized at timestamp 1669305099747 with initial instances count: 4
2022-11-24 12:51:39.750  INFO 9824 --- [restartedMain] o.s.c.n.e.s.EurekaServiceRegistry        : Registering application MSCLIENTES with eureka with status UP
2022-11-24 12:51:39.750  INFO 9824 --- [restartedMain] com.netflix.discovery.DiscoveryClient    : Saw local status change event StatusChangeEvent [timestamp=1669305099750, current=UP, previous=STARTING]
2022-11-24 12:51:39.752  INFO 9824 --- [DiscoveryClient-InstanceInfoReplicator-0] com.netflix.discovery.DiscoveryClient    : DiscoveryClient_MSCLIENTES/msclientes:50dc217b6436a6530cf17ed36e8df19c: registering service...
2022-11-24 12:51:39.867  INFO 9824 --- [DiscoveryClient-InstanceInfoReplicator-0] com.netflix.discovery.DiscoveryClient    : DiscoveryClient_MSCLIENTES/msclientes:50dc217b6436a6530cf17ed36e8df19c - registration status: 204
2022-11-24 12:51:40.061  INFO 9824 --- [restartedMain] i.g.l.msclientes.MsclientesApplication   : Started MsclientesApplication in 6.212 seconds (JVM running for 7.125)
2022-11-24 12:51:40.631  INFO 9824 --- [RMI TCP Connection(4)-192.168.0.7] o.a.c.c.C.[Tomcat].[localhost].[/]       : Initializing Spring DispatcherServlet 'dispatcherServlet'
2022-11-24 12:51:40.631  INFO 9824 --- [RMI TCP Connection(4)-192.168.0.7] o.s.web.servlet.DispatcherServlet        : Initializing Servlet 'dispatcherServlet'
2022-11-24 12:51:40.633  INFO 9824 --- [RMI TCP Connection(4)-192.168.0.7] o.s.web.servlet.DispatcherServlet        : Completed initialization in 2 ms
2022-11-24 12:56:39.418  INFO 9824 --- [AsyncResolver-bootstrap-executor-0] c.n.d.s.r.aws.ConfigClusterResolver      : Resolving eureka endpoints via configuration
2022-11-24 12:57:27.718  INFO 9824 --- [SpringApplicationShutdownHook] o.s.c.n.e.s.EurekaServiceRegistry        : Unregistering application MSCLIENTES with eureka with status DOWN
2022-11-24 12:57:27.719  INFO 9824 --- [SpringApplicationShutdownHook] com.netflix.discovery.DiscoveryClient    : Saw local status change event StatusChangeEvent [timestamp=1669305447719, current=DOWN, previous=UP]
2022-11-24 12:57:27.719  INFO 9824 --- [DiscoveryClient-InstanceInfoReplicator-0] com.netflix.discovery.DiscoveryClient    : DiscoveryClient_MSCLIENTES/msclientes:50dc217b6436a6530cf17ed36e8df19c: registering service...
2022-11-24 12:57:27.727  INFO 9824 --- [DiscoveryClient-InstanceInfoReplicator-0] com.netflix.discovery.DiscoveryClient    : DiscoveryClient_MSCLIENTES/msclientes:50dc217b6436a6530cf17ed36e8df19c - registration status: 204
2022-11-24 12:57:28.001  INFO 9824 --- [SpringApplicationShutdownHook] j.LocalContainerEntityManagerFactoryBean : Closing JPA EntityManagerFactory for persistence unit 'default'
2022-11-24 12:57:28.004  INFO 9824 --- [SpringApplicationShutdownHook] .SchemaDropperImpl$DelayedDropActionImpl : HHH000477: Starting delayed evictData of schema as part of SessionFactory shut-down'
2022-11-24 12:57:28.257  WARN 9824 --- [SpringApplicationShutdownHook] o.s.b.f.support.DisposableBeanAdapter    : Invocation of destroy method failed on bean with name 'inMemoryDatabaseShutdownExecutor': org.h2.jdbc.JdbcSQLNonTransientConnectionException: Database is already closed (to disable automatic closing at VM shutdown, add ";DB_CLOSE_ON_EXIT=FALSE" to the db URL) [90121-200]
2022-11-24 12:57:28.258  INFO 9824 --- [SpringApplicationShutdownHook] com.zaxxer.hikari.HikariDataSource       : HikariPool-1 - Shutdown initiated...
2022-11-24 12:57:28.262  INFO 9824 --- [SpringApplicationShutdownHook] com.zaxxer.hikari.HikariDataSource       : HikariPool-1 - Shutdown completed.
2022-11-24 12:57:28.264  INFO 9824 --- [SpringApplicationShutdownHook] com.netflix.discovery.DiscoveryClient    : Shutting down DiscoveryClient ...
2022-11-24 12:57:31.266  INFO 9824 --- [SpringApplicationShutdownHook] com.netflix.discovery.DiscoveryClient    : Unregistering ...
2022-11-24 12:57:31.270  INFO 9824 --- [SpringApplicationShutdownHook] com.netflix.discovery.DiscoveryClient    : DiscoveryClient_MSCLIENTES/msclientes:50dc217b6436a6530cf17ed36e8df19c - deregister  status: 200
2022-11-24 12:57:31.274  INFO 9824 --- [SpringApplicationShutdownHook] com.netflix.discovery.DiscoveryClient    : Completed shut down of DiscoveryClient
2022-11-24 12:57:57.173  INFO 2804 --- [restartedMain] i.g.l.msclientes.MsclientesApplication   : Starting MsclientesApplication using Java 11.0.15 on DESKTOP-0LU874L with PID 2804 (C:\projetos-dev\java\cloud\msclientes\target\classes started by gianc in C:\projetos-dev\java\cloud\msclientes)
2022-11-24 12:57:57.174  INFO 2804 --- [restartedMain] i.g.l.msclientes.MsclientesApplication   : No active profile set, falling back to 1 default profile: "default"
2022-11-24 12:57:57.224  INFO 2804 --- [restartedMain] .e.DevToolsPropertyDefaultsPostProcessor : Devtools property defaults active! Set 'spring.devtools.add-properties' to 'false' to disable
2022-11-24 12:57:57.225  INFO 2804 --- [restartedMain] .e.DevToolsPropertyDefaultsPostProcessor : For additional web related logging consider setting the 'logging.level.web' property to 'DEBUG'
2022-11-24 12:57:57.974  INFO 2804 --- [restartedMain] .s.d.r.c.RepositoryConfigurationDelegate : Bootstrapping Spring Data JPA repositories in DEFAULT mode.
2022-11-24 12:57:58.023  INFO 2804 --- [restartedMain] .s.d.r.c.RepositoryConfigurationDelegate : Finished Spring Data repository scanning in 42 ms. Found 1 JPA repository interfaces.
2022-11-24 12:57:58.257  INFO 2804 --- [restartedMain] o.s.cloud.context.scope.GenericScope     : BeanFactory id=6f2dd9e0-eff6-38b1-bf84-903099190c83
2022-11-24 12:57:58.747  INFO 2804 --- [restartedMain] o.s.b.w.embedded.tomcat.TomcatWebServer  : Tomcat initialized with port(s): 0 (http)
2022-11-24 12:57:58.755  INFO 2804 --- [restartedMain] o.apache.catalina.core.StandardService   : Starting service [Tomcat]
2022-11-24 12:57:58.755  INFO 2804 --- [restartedMain] org.apache.catalina.core.StandardEngine  : Starting Servlet engine: [Apache Tomcat/9.0.60]
2022-11-24 12:57:58.840  INFO 2804 --- [restartedMain] o.a.c.c.C.[Tomcat].[localhost].[/]       : Initializing Spring embedded WebApplicationContext
2022-11-24 12:57:58.841  INFO 2804 --- [restartedMain] w.s.c.ServletWebServerApplicationContext : Root WebApplicationContext: initialization completed in 1614 ms
2022-11-24 12:57:58.919  INFO 2804 --- [restartedMain] com.zaxxer.hikari.HikariDataSource       : HikariPool-1 - Starting...
2022-11-24 12:57:59.012  INFO 2804 --- [restartedMain] com.zaxxer.hikari.HikariDataSource       : HikariPool-1 - Start completed.
2022-11-24 12:57:59.019  INFO 2804 --- [restartedMain] o.s.b.a.h2.H2ConsoleAutoConfiguration    : H2 console available at '/h2-console'. Database available at 'jdbc:h2:mem:253cda73-7b24-4861-9205-002c5b0fb377'
2022-11-24 12:57:59.142  INFO 2804 --- [restartedMain] o.hibernate.jpa.internal.util.LogHelper  : HHH000204: Processing PersistenceUnitInfo [name: default]
2022-11-24 12:57:59.187  INFO 2804 --- [restartedMain] org.hibernate.Version                    : HHH000412: Hibernate ORM core version 5.6.7.Final
2022-11-24 12:57:59.302  INFO 2804 --- [restartedMain] o.hibernate.annotations.common.Version   : HCANN000001: Hibernate Commons Annotations {5.1.2.Final}
2022-11-24 12:57:59.395  INFO 2804 --- [restartedMain] org.hibernate.dialect.Dialect            : HHH000400: Using dialect: org.hibernate.dialect.H2Dialect
2022-11-24 12:57:59.768  INFO 2804 --- [restartedMain] o.h.e.t.j.p.i.JtaPlatformInitiator       : HHH000490: Using JtaPlatform implementation: [org.hibernate.engine.transaction.jta.platform.internal.NoJtaPlatform]
2022-11-24 12:57:59.774  INFO 2804 --- [restartedMain] j.LocalContainerEntityManagerFactoryBean : Initialized JPA EntityManagerFactory for persistence unit 'default'
2022-11-24 12:58:00.099  WARN 2804 --- [restartedMain] JpaBaseConfiguration$JpaWebConfiguration : spring.jpa.open-in-view is enabled by default. Therefore, database queries may be performed during view rendering. Explicitly configure spring.jpa.open-in-view to disable this warning
2022-11-24 12:58:01.070  INFO 2804 --- [restartedMain] o.s.b.d.a.OptionalLiveReloadServer       : LiveReload server is running on port 35729
2022-11-24 12:58:01.354  INFO 2804 --- [restartedMain] DiscoveryClientOptionalArgsConfiguration : Eureka HTTP Client uses RestTemplate.
2022-11-24 12:58:01.396  WARN 2804 --- [restartedMain] iguration$LoadBalancerCaffeineWarnLogger : Spring Cloud LoadBalancer is currently working with the default cache. While this cache implementation is useful for development and tests, it's recommended to use Caffeine cache in production.You can switch to using Caffeine cache, by adding it and org.springframework.cache.caffeine.CaffeineCacheManager to the classpath.
2022-11-24 12:58:01.400  INFO 2804 --- [restartedMain] o.s.b.a.e.web.EndpointLinksResolver      : Exposing 17 endpoint(s) beneath base path '/actuator'
2022-11-24 12:58:01.471  INFO 2804 --- [restartedMain] o.s.b.w.embedded.tomcat.TomcatWebServer  : Tomcat started on port(s): 32144 (http) with context path ''
2022-11-24 12:58:01.473  INFO 2804 --- [restartedMain] .s.c.n.e.s.EurekaAutoServiceRegistration : Updating port to 32144
2022-11-24 12:58:01.476  INFO 2804 --- [restartedMain] o.s.c.n.eureka.InstanceInfoFactory       : Setting initial instance status as: STARTING
2022-11-24 12:58:01.502  INFO 2804 --- [restartedMain] com.netflix.discovery.DiscoveryClient    : Initializing Eureka in region us-east-1
2022-11-24 12:58:01.505  INFO 2804 --- [restartedMain] c.n.d.s.r.aws.ConfigClusterResolver      : Resolving eureka endpoints via configuration
2022-11-24 12:58:01.522  INFO 2804 --- [restartedMain] com.netflix.discovery.DiscoveryClient    : Disable delta property : false
2022-11-24 12:58:01.522  INFO 2804 --- [restartedMain] com.netflix.discovery.DiscoveryClient    : Single vip registry refresh property : null
2022-11-24 12:58:01.522  INFO 2804 --- [restartedMain] com.netflix.discovery.DiscoveryClient    : Force full registry fetch : false
2022-11-24 12:58:01.522  INFO 2804 --- [restartedMain] com.netflix.discovery.DiscoveryClient    : Application is null : false
2022-11-24 12:58:01.522  INFO 2804 --- [restartedMain] com.netflix.discovery.DiscoveryClient    : Registered Applications size is zero : true
2022-11-24 12:58:01.522  INFO 2804 --- [restartedMain] com.netflix.discovery.DiscoveryClient    : Application version is -1: true
2022-11-24 12:58:01.522  INFO 2804 --- [restartedMain] com.netflix.discovery.DiscoveryClient    : Getting all instance registry info from the eureka server
2022-11-24 12:58:01.833  INFO 2804 --- [restartedMain] com.netflix.discovery.DiscoveryClient    : The response status is 200
2022-11-24 12:58:01.835  INFO 2804 --- [restartedMain] com.netflix.discovery.DiscoveryClient    : Starting heartbeat executor: renew interval is: 30
2022-11-24 12:58:01.837  INFO 2804 --- [restartedMain] c.n.discovery.InstanceInfoReplicator     : InstanceInfoReplicator onDemand update allowed rate per min is 4
2022-11-24 12:58:01.842  INFO 2804 --- [restartedMain] com.netflix.discovery.DiscoveryClient    : Discovery Client initialized at timestamp 1669305481840 with initial instances count: 3
2022-11-24 12:58:01.844  INFO 2804 --- [restartedMain] o.s.c.n.e.s.EurekaServiceRegistry        : Registering application MSCLIENTES with eureka with status UP
2022-11-24 12:58:01.844  INFO 2804 --- [restartedMain] com.netflix.discovery.DiscoveryClient    : Saw local status change event StatusChangeEvent [timestamp=1669305481844, current=UP, previous=STARTING]
2022-11-24 12:58:01.848  INFO 2804 --- [DiscoveryClient-InstanceInfoReplicator-0] com.netflix.discovery.DiscoveryClient    : DiscoveryClient_MSCLIENTES/msclientes:5b7030a32f5eef7de3c8e457dc542e22: registering service...
2022-11-24 12:58:01.961  INFO 2804 --- [DiscoveryClient-InstanceInfoReplicator-0] com.netflix.discovery.DiscoveryClient    : DiscoveryClient_MSCLIENTES/msclientes:5b7030a32f5eef7de3c8e457dc542e22 - registration status: 204
2022-11-24 12:58:02.163  INFO 2804 --- [restartedMain] i.g.l.msclientes.MsclientesApplication   : Started MsclientesApplication in 5.588 seconds (JVM running for 6.454)
2022-11-24 12:58:02.631  INFO 2804 --- [RMI TCP Connection(2)-192.168.0.7] o.a.c.c.C.[Tomcat].[localhost].[/]       : Initializing Spring DispatcherServlet 'dispatcherServlet'
2022-11-24 12:58:02.631  INFO 2804 --- [RMI TCP Connection(2)-192.168.0.7] o.s.web.servlet.DispatcherServlet        : Initializing Servlet 'dispatcherServlet'
2022-11-24 12:58:02.632  INFO 2804 --- [RMI TCP Connection(2)-192.168.0.7] o.s.web.servlet.DispatcherServlet        : Completed initialization in 1 ms
2022-11-24 12:58:51.328  INFO 2804 --- [http-nio-auto-1-exec-4] o.springdoc.api.AbstractOpenApiResource  : Init duration for springdoc-openapi is: 173 ms
2022-11-24 13:03:01.525  INFO 2804 --- [AsyncResolver-bootstrap-executor-0] c.n.d.s.r.aws.ConfigClusterResolver      : Resolving eureka endpoints via configuration
2022-11-24 13:08:01.526  INFO 2804 --- [AsyncResolver-bootstrap-executor-0] c.n.d.s.r.aws.ConfigClusterResolver      : Resolving eureka endpoints via configuration
2022-11-24 13:13:01.528  INFO 2804 --- [AsyncResolver-bootstrap-executor-0] c.n.d.s.r.aws.ConfigClusterResolver      : Resolving eureka endpoints via configuration
2022-11-24 13:18:01.529  INFO 2804 --- [AsyncResolver-bootstrap-executor-0] c.n.d.s.r.aws.ConfigClusterResolver      : Resolving eureka endpoints via configuration
2022-11-24 13:23:01.530  INFO 2804 --- [AsyncResolver-bootstrap-executor-0] c.n.d.s.r.aws.ConfigClusterResolver      : Resolving eureka endpoints via configuration
2022-11-24 13:28:01.532  INFO 2804 --- [AsyncResolver-bootstrap-executor-0] c.n.d.s.r.aws.ConfigClusterResolver      : Resolving eureka endpoints via configuration
2022-11-24 13:33:01.534  INFO 2804 --- [AsyncResolver-bootstrap-executor-0] c.n.d.s.r.aws.ConfigClusterResolver      : Resolving eureka endpoints via configuration
2022-11-24 13:38:01.535  INFO 2804 --- [AsyncResolver-bootstrap-executor-0] c.n.d.s.r.aws.ConfigClusterResolver      : Resolving eureka endpoints via configuration
2022-11-24 13:43:01.536  INFO 2804 --- [AsyncResolver-bootstrap-executor-0] c.n.d.s.r.aws.ConfigClusterResolver      : Resolving eureka endpoints via configuration
2022-11-24 13:48:01.537  INFO 2804 --- [AsyncResolver-bootstrap-executor-0] c.n.d.s.r.aws.ConfigClusterResolver      : Resolving eureka endpoints via configuration
2022-11-24 13:53:01.538  INFO 2804 --- [AsyncResolver-bootstrap-executor-0] c.n.d.s.r.aws.ConfigClusterResolver      : Resolving eureka endpoints via configuration
2022-11-24 13:58:01.540  INFO 2804 --- [AsyncResolver-bootstrap-executor-0] c.n.d.s.r.aws.ConfigClusterResolver      : Resolving eureka endpoints via configuration
2022-11-24 14:03:01.541  INFO 2804 --- [AsyncResolver-bootstrap-executor-0] c.n.d.s.r.aws.ConfigClusterResolver      : Resolving eureka endpoints via configuration
2022-11-24 14:08:01.542  INFO 2804 --- [AsyncResolver-bootstrap-executor-0] c.n.d.s.r.aws.ConfigClusterResolver      : Resolving eureka endpoints via configuration
2022-11-24 14:13:01.544  INFO 2804 --- [AsyncResolver-bootstrap-executor-0] c.n.d.s.r.aws.ConfigClusterResolver      : Resolving eureka endpoints via configuration
2022-11-24 14:18:01.546  INFO 2804 --- [AsyncResolver-bootstrap-executor-0] c.n.d.s.r.aws.ConfigClusterResolver      : Resolving eureka endpoints via configuration
2022-11-24 14:23:01.547  INFO 2804 --- [AsyncResolver-bootstrap-executor-0] c.n.d.s.r.aws.ConfigClusterResolver      : Resolving eureka endpoints via configuration
2022-11-24 14:28:01.548  INFO 2804 --- [AsyncResolver-bootstrap-executor-0] c.n.d.s.r.aws.ConfigClusterResolver      : Resolving eureka endpoints via configuration
2022-11-24 14:33:01.552  INFO 2804 --- [AsyncResolver-bootstrap-executor-0] c.n.d.s.r.aws.ConfigClusterResolver      : Resolving eureka endpoints via configuration
2022-11-24 14:38:01.553  INFO 2804 --- [AsyncResolver-bootstrap-executor-0] c.n.d.s.r.aws.ConfigClusterResolver      : Resolving eureka endpoints via configuration
2022-11-24 14:43:01.554  INFO 2804 --- [AsyncResolver-bootstrap-executor-0] c.n.d.s.r.aws.ConfigClusterResolver      : Resolving eureka endpoints via configuration
2022-11-24 14:48:01.555  INFO 2804 --- [AsyncResolver-bootstrap-executor-0] c.n.d.s.r.aws.ConfigClusterResolver      : Resolving eureka endpoints via configuration
2022-11-24 14:53:01.557  INFO 2804 --- [AsyncResolver-bootstrap-executor-0] c.n.d.s.r.aws.ConfigClusterResolver      : Resolving eureka endpoints via configuration
2022-11-24 14:58:01.558  INFO 2804 --- [AsyncResolver-bootstrap-executor-0] c.n.d.s.r.aws.ConfigClusterResolver      : Resolving eureka endpoints via configuration
2022-11-24 15:03:01.561  INFO 2804 --- [AsyncResolver-bootstrap-executor-0] c.n.d.s.r.aws.ConfigClusterResolver      : Resolving eureka endpoints via configuration
2022-11-24 15:08:01.561  INFO 2804 --- [AsyncResolver-bootstrap-executor-0] c.n.d.s.r.aws.ConfigClusterResolver      : Resolving eureka endpoints via configuration
2022-11-24 15:13:01.563  INFO 2804 --- [AsyncResolver-bootstrap-executor-0] c.n.d.s.r.aws.ConfigClusterResolver      : Resolving eureka endpoints via configuration
2022-11-24 15:18:01.564  INFO 2804 --- [AsyncResolver-bootstrap-executor-0] c.n.d.s.r.aws.ConfigClusterResolver      : Resolving eureka endpoints via configuration
2022-11-24 15:23:01.565  INFO 2804 --- [AsyncResolver-bootstrap-executor-0] c.n.d.s.r.aws.ConfigClusterResolver      : Resolving eureka endpoints via configuration
2022-11-24 15:28:01.567  INFO 2804 --- [AsyncResolver-bootstrap-executor-0] c.n.d.s.r.aws.ConfigClusterResolver      : Resolving eureka endpoints via configuration
2022-11-24 15:33:01.569  INFO 2804 --- [AsyncResolver-bootstrap-executor-0] c.n.d.s.r.aws.ConfigClusterResolver      : Resolving eureka endpoints via configuration
2022-11-24 15:38:01.570  INFO 2804 --- [AsyncResolver-bootstrap-executor-0] c.n.d.s.r.aws.ConfigClusterResolver      : Resolving eureka endpoints via configuration
2022-11-24 15:43:01.571  INFO 2804 --- [AsyncResolver-bootstrap-executor-0] c.n.d.s.r.aws.ConfigClusterResolver      : Resolving eureka endpoints via configuration
2022-11-24 15:48:01.572  INFO 2804 --- [AsyncResolver-bootstrap-executor-0] c.n.d.s.r.aws.ConfigClusterResolver      : Resolving eureka endpoints via configuration
2022-11-24 15:53:01.574  INFO 2804 --- [AsyncResolver-bootstrap-executor-0] c.n.d.s.r.aws.ConfigClusterResolver      : Resolving eureka endpoints via configuration
2022-11-24 15:58:01.575  INFO 2804 --- [AsyncResolver-bootstrap-executor-0] c.n.d.s.r.aws.ConfigClusterResolver      : Resolving eureka endpoints via configuration
2022-11-24 16:03:01.576  INFO 2804 --- [AsyncResolver-bootstrap-executor-0] c.n.d.s.r.aws.ConfigClusterResolver      : Resolving eureka endpoints via configuration
2022-11-24 16:08:01.576  INFO 2804 --- [AsyncResolver-bootstrap-executor-0] c.n.d.s.r.aws.ConfigClusterResolver      : Resolving eureka endpoints via configuration
2022-11-24 16:13:01.577  INFO 2804 --- [AsyncResolver-bootstrap-executor-0] c.n.d.s.r.aws.ConfigClusterResolver      : Resolving eureka endpoints via configuration
2022-11-24 16:18:01.578  INFO 2804 --- [AsyncResolver-bootstrap-executor-0] c.n.d.s.r.aws.ConfigClusterResolver      : Resolving eureka endpoints via configuration
2022-11-24 16:23:01.579  INFO 2804 --- [AsyncResolver-bootstrap-executor-0] c.n.d.s.r.aws.ConfigClusterResolver      : Resolving eureka endpoints via configuration
2022-11-24 16:28:01.579  INFO 2804 --- [AsyncResolver-bootstrap-executor-0] c.n.d.s.r.aws.ConfigClusterResolver      : Resolving eureka endpoints via configuration
2022-11-24 16:33:01.581  INFO 2804 --- [AsyncResolver-bootstrap-executor-0] c.n.d.s.r.aws.ConfigClusterResolver      : Resolving eureka endpoints via configuration
2022-11-24 16:38:01.582  INFO 2804 --- [AsyncResolver-bootstrap-executor-0] c.n.d.s.r.aws.ConfigClusterResolver      : Resolving eureka endpoints via configuration
2022-11-24 16:43:01.582  INFO 2804 --- [AsyncResolver-bootstrap-executor-0] c.n.d.s.r.aws.ConfigClusterResolver      : Resolving eureka endpoints via configuration
2022-11-24 16:48:01.584  INFO 2804 --- [AsyncResolver-bootstrap-executor-0] c.n.d.s.r.aws.ConfigClusterResolver      : Resolving eureka endpoints via configuration
2022-11-24 16:53:01.585  INFO 2804 --- [AsyncResolver-bootstrap-executor-0] c.n.d.s.r.aws.ConfigClusterResolver      : Resolving eureka endpoints via configuration
2022-11-24 16:58:01.585  INFO 2804 --- [AsyncResolver-bootstrap-executor-0] c.n.d.s.r.aws.ConfigClusterResolver      : Resolving eureka endpoints via configuration
2022-11-24 17:03:01.587  INFO 2804 --- [AsyncResolver-bootstrap-executor-0] c.n.d.s.r.aws.ConfigClusterResolver      : Resolving eureka endpoints via configuration
2022-11-24 17:08:01.588  INFO 2804 --- [AsyncResolver-bootstrap-executor-0] c.n.d.s.r.aws.ConfigClusterResolver      : Resolving eureka endpoints via configuration
2022-11-24 17:13:01.588  INFO 2804 --- [AsyncResolver-bootstrap-executor-0] c.n.d.s.r.aws.ConfigClusterResolver      : Resolving eureka endpoints via configuration
2022-11-24 17:18:01.590  INFO 2804 --- [AsyncResolver-bootstrap-executor-0] c.n.d.s.r.aws.ConfigClusterResolver      : Resolving eureka endpoints via configuration
2022-11-24 17:23:01.591  INFO 2804 --- [AsyncResolver-bootstrap-executor-0] c.n.d.s.r.aws.ConfigClusterResolver      : Resolving eureka endpoints via configuration
2022-11-24 17:28:01.592  INFO 2804 --- [AsyncResolver-bootstrap-executor-0] c.n.d.s.r.aws.ConfigClusterResolver      : Resolving eureka endpoints via configuration
2022-11-24 17:33:01.593  INFO 2804 --- [AsyncResolver-bootstrap-executor-0] c.n.d.s.r.aws.ConfigClusterResolver      : Resolving eureka endpoints via configuration
2022-11-24 17:38:01.593  INFO 2804 --- [AsyncResolver-bootstrap-executor-0] c.n.d.s.r.aws.ConfigClusterResolver      : Resolving eureka endpoints via configuration
2022-11-24 17:43:01.594  INFO 2804 --- [AsyncResolver-bootstrap-executor-0] c.n.d.s.r.aws.ConfigClusterResolver      : Resolving eureka endpoints via configuration
2022-11-24 17:48:01.595  INFO 2804 --- [AsyncResolver-bootstrap-executor-0] c.n.d.s.r.aws.ConfigClusterResolver      : Resolving eureka endpoints via configuration
2022-11-24 17:53:01.596  INFO 2804 --- [AsyncResolver-bootstrap-executor-0] c.n.d.s.r.aws.ConfigClusterResolver      : Resolving eureka endpoints via configuration
2022-11-24 17:58:01.597  INFO 2804 --- [AsyncResolver-bootstrap-executor-0] c.n.d.s.r.aws.ConfigClusterResolver      : Resolving eureka endpoints via configuration
2022-11-24 18:03:01.599  INFO 2804 --- [AsyncResolver-bootstrap-executor-0] c.n.d.s.r.aws.ConfigClusterResolver      : Resolving eureka endpoints via configuration
2022-11-24 18:08:01.600  INFO 2804 --- [AsyncResolver-bootstrap-executor-0] c.n.d.s.r.aws.ConfigClusterResolver      : Resolving eureka endpoints via configuration
2022-11-24 18:13:01.602  INFO 2804 --- [AsyncResolver-bootstrap-executor-0] c.n.d.s.r.aws.ConfigClusterResolver      : Resolving eureka endpoints via configuration
2022-11-24 18:18:01.603  INFO 2804 --- [AsyncResolver-bootstrap-executor-0] c.n.d.s.r.aws.ConfigClusterResolver      : Resolving eureka endpoints via configuration
2022-11-24 18:23:01.604  INFO 2804 --- [AsyncResolver-bootstrap-executor-0] c.n.d.s.r.aws.ConfigClusterResolver      : Resolving eureka endpoints via configuration
2022-11-24 18:28:01.605  INFO 2804 --- [AsyncResolver-bootstrap-executor-0] c.n.d.s.r.aws.ConfigClusterResolver      : Resolving eureka endpoints via configuration
2022-11-24 18:33:01.606  INFO 2804 --- [AsyncResolver-bootstrap-executor-0] c.n.d.s.r.aws.ConfigClusterResolver      : Resolving eureka endpoints via configuration
2022-11-24 18:38:01.606  INFO 2804 --- [AsyncResolver-bootstrap-executor-0] c.n.d.s.r.aws.ConfigClusterResolver      : Resolving eureka endpoints via configuration
2022-11-24 18:38:45.468  INFO 2804 --- [SpringApplicationShutdownHook] o.s.c.n.e.s.EurekaServiceRegistry        : Unregistering application MSCLIENTES with eureka with status DOWN
2022-11-24 18:38:45.468  INFO 2804 --- [SpringApplicationShutdownHook] com.netflix.discovery.DiscoveryClient    : Saw local status change event StatusChangeEvent [timestamp=1669325925468, current=DOWN, previous=UP]
2022-11-24 18:38:45.470  INFO 2804 --- [DiscoveryClient-InstanceInfoReplicator-0] com.netflix.discovery.DiscoveryClient    : DiscoveryClient_MSCLIENTES/msclientes:5b7030a32f5eef7de3c8e457dc542e22: registering service...
2022-11-24 18:38:45.484  INFO 2804 --- [DiscoveryClient-InstanceInfoReplicator-0] com.netflix.discovery.DiscoveryClient    : DiscoveryClient_MSCLIENTES/msclientes:5b7030a32f5eef7de3c8e457dc542e22 - registration status: 204
2022-11-24 18:38:45.763  INFO 2804 --- [SpringApplicationShutdownHook] j.LocalContainerEntityManagerFactoryBean : Closing JPA EntityManagerFactory for persistence unit 'default'
2022-11-24 18:38:45.776  INFO 2804 --- [SpringApplicationShutdownHook] .SchemaDropperImpl$DelayedDropActionImpl : HHH000477: Starting delayed evictData of schema as part of SessionFactory shut-down'
2022-11-24 18:38:46.025  WARN 2804 --- [SpringApplicationShutdownHook] o.s.b.f.support.DisposableBeanAdapter    : Invocation of destroy method failed on bean with name 'inMemoryDatabaseShutdownExecutor': org.h2.jdbc.JdbcSQLNonTransientConnectionException: Database is already closed (to disable automatic closing at VM shutdown, add ";DB_CLOSE_ON_EXIT=FALSE" to the db URL) [90121-200]
2022-11-24 18:38:46.026  INFO 2804 --- [SpringApplicationShutdownHook] com.zaxxer.hikari.HikariDataSource       : HikariPool-1 - Shutdown initiated...
2022-11-24 18:38:46.032  INFO 2804 --- [SpringApplicationShutdownHook] com.zaxxer.hikari.HikariDataSource       : HikariPool-1 - Shutdown completed.
2022-11-24 18:38:46.036  INFO 2804 --- [SpringApplicationShutdownHook] com.netflix.discovery.DiscoveryClient    : Shutting down DiscoveryClient ...
2022-11-24 18:38:49.040  INFO 2804 --- [SpringApplicationShutdownHook] com.netflix.discovery.DiscoveryClient    : Unregistering ...
2022-11-24 18:38:49.047  INFO 2804 --- [SpringApplicationShutdownHook] com.netflix.discovery.DiscoveryClient    : DiscoveryClient_MSCLIENTES/msclientes:5b7030a32f5eef7de3c8e457dc542e22 - deregister  status: 200
2022-11-24 18:38:49.056  INFO 2804 --- [SpringApplicationShutdownHook] com.netflix.discovery.DiscoveryClient    : Completed shut down of DiscoveryClient
